Building in: /home/fuchur/Documents/Hochschule/HS-AlbSig/Programmieren/C|C++/helloworld/build/default
Configuring in: /home/fuchur/Documents/Hochschule/HS-AlbSig/Programmieren/C|C++/helloworld/build/default
cmake -G Ninja -DCMAKE_BUILD_TYPE=Release -DCMAKE_EXPORT_COMPILE_COMMANDS=ON /home/fuchur/Documents/Hochschule/HS-AlbSig/Programmieren/C|C++/helloworld
-- The C compiler identification is GNU 10.1.0
-- The CXX compiler identification is GNU 10.1.0
-- Detecting C compiler ABI info
-- Detecting C compiler ABI info - done
-- Check for working C compiler: /usr/bin/cc - skipped
-- Detecting C compile features
-- Detecting C compile features - done
-- Detecting CXX compiler ABI info
-- Detecting CXX compiler ABI info - done
-- Check for working CXX compiler: /usr/bin/c++ - skipped
-- Detecting CXX compile features
-- Detecting CXX compile features - done
-- Configuring done
-- Generating done
-- Build files have been written to: /home/fuchur/Documents/Hochschule/HS-AlbSig/Programmieren/C|C++/helloworld/build/default
cmake --build . -- -v
[1/2] /usr/bin/c++   -O3 -DNDEBUG -MD -MT CMakeFiles/helloworld.dir/helloworld.cpp.o -MF CMakeFiles/helloworld.dir/helloworld.cpp.o.d -o CMakeFiles/helloworld.dir/helloworld.cpp.o -c ../../helloworld.cpp
[2/2] : && /usr/bin/c++ -O3 -DNDEBUG -rdynamic CMakeFiles/helloworld.dir/helloworld.cpp.o -o helloworld   && :
Build complete (0 errors, 0 warnings): /home/fuchur/Documents/Hochschule/HS-AlbSig/Programmieren/C|C++/helloworld/build/default
